[2021-12-31 06:53:29] [CarinaListener.java] [1] [INFO] 
============= Test configuration =============
url=https://www.gsmarena.com
env=DEMO
selenium_url=http://127.0.0.1:9515
max_driver_count=3
proxy_protocols=http,https,ftp
browsermob_port=0
auto_screenshot=true
explicit_timeout=60
retry_interval=5
project_report_directory=./reports
max_screen_history=10
big_screen_width=-1
big_screen_height=-1
init_retry_count=0
init_retry_interval=1
retry_count=0
locale=en_US
thread_count=-1
data_provider_thread_count=-1
core_log_level=INFO
core_log_packages=com.qaprosoft.carina.core
log_all_json=true
date_format=HH:mm:ss yyyy-MM-dd
time_format=HH:mm:ss
test_naming_pattern={method_name}
element_loading_strategy=BY_PRESENCE_OR_VISIBILITY
page_opening_strategy=BY_URL_AND_ELEMENT
localization_encoding=UTF-8
localization_testing=false
default_device_timezone=GMT
default_device_time_format=24
default_device_language=en_US
selenium_url=http://127.0.0.1:9515

------------- Driver capabilities -----------
capabilities.browserName=chrome
================================================

[2021-12-31 06:53:30] [TestRunRegistrar.java] [1] [WARN] Reporting disabled: using no op test run registrar
[2021-12-31 06:53:30] [Reflections.java] [1] [INFO] Reflections took 424 ms to scan 9 urls, producing 2417 keys and 12074 values 
[2021-12-31 06:53:30] [FilterTestsListener.java] [1] [INFO] There are no any rules and limitations
[2021-12-31 06:53:30] [CarinaListener.java] [1] [INFO] Set thread-count=1
[2021-12-31 06:53:30] [CarinaListener.java] [1] [INFO] Set data-provider-thread-count=1
[2021-12-31 06:53:30] [CarinaListener.java] [1] [INFO] CARINA_CORE_VERSION: 7.2.14
[2021-12-31 06:53:30] [TestRunRegistrar.java] [1] [WARN] Reporting disabled: using no op test run registrar
[2021-12-31 06:53:30] [TestRunRegistrar.java] [1] [WARN] Reporting disabled: using no op test run registrar
[2021-12-31 06:53:30] [IMessager.java] [1] [INFO] TEST [gsm_arena - validateEmptyPasswordLogin] STARTED at [18:53:30 2021-12-31]
[2021-12-31 06:53:45] [DriverListener.java] [1] [INFO] PASS: element 'loginDropdown' is clicked.
[2021-12-31 06:53:46] [DriverListener.java] [1] [INFO] PASS: keys cleared in element 'loginEmailField'.
[2021-12-31 06:53:47] [Screenshot.java] [1] [ERROR] ExecutionException error on capture screenshot: java.lang.RuntimeException: Unexpected result for screenshot command: null
[2021-12-31 06:53:47] [DriverListener.java] [1] [ERROR] FAIL: keys 'lfonseca@solvd.com' are not sent to element 'loginEmailField (By.xpath: //input[@id='email' and @type='email'])'!
[2021-12-31 06:53:47] [Screenshot.java] [1] [ERROR] ExecutionException error detected on capture full screenshot!
[2021-12-31 06:53:47] [DriverListener.java] [1] [ERROR] no such window: target window already closed
from unknown error: web view not found
  (Session info: chrome=96.0.4664.110)
Build info: version: '3.141.59', revision: 'e82be7d358', time: '2018-11-14T08:17:03'
System info: host: 'MacBook-Pro-de-Lautaro.local', ip: 'fe80:0:0:0:14f1:996:b7d:af8d%en0', os.name: 'Mac OS X', os.arch: 'aarch64', os.version: '12.1', java.version: '17.0.1'
Driver info: org.openqa.selenium.remote.RemoteWebDriver
Capabilities {acceptInsecureCerts: true, browserName: chrome, browserVersion: 96.0.4664.110, chrome: {chromedriverVersion: 96.0.4664.45 (76e4c1bb2ab46..., userDataDir: /var/folders/4g/9ybbzz6x115...}, goog:chromeOptions: {debuggerAddress: localhost:62874}, javascriptEnabled: true, networkConnectionEnabled: false, pageLoadStrategy: normal, platform: MAC, platformName: MAC, proxy: Proxy(), setWindowRect: true, strictFileInteractability: false, timeouts: {implicit: 0, pageLoad: 300000, script: 30000}, unhandledPromptBehavior: dismiss and notify, webauthn:extension:credBlob: true, webauthn:extension:largeBlob: true, webauthn:virtualAuthenticators: true}
Session ID: e6582bbbfa1267370ba9bbcfb14de163
*** Element info: {Using=xpath, value=//input[@id='email' and @type='email']}
[2021-12-31 06:53:47] [Screenshot.java] [1] [ERROR] ExecutionException error detected on capture full screenshot!
[2021-12-31 06:53:47] [Screenshot.java] [1] [ERROR] ExecutionException error detected on capture full screenshot!
[2021-12-31 06:53:47] [IMessager.java] [1] [ERROR] TEST [gsm_arena - validateEmptyPasswordLogin] FAILED at [18:53:47 2021-12-31] - no such window: target window already closed
from unknown error: web view not found
  (Session info: chrome=96.0.4664.110)
Build info: version: '3.141.59', revision: 'e82be7d358', time: '2018-11-14T08:17:03'
System info: host: 'MacBook-Pro-de-Lautaro.local', ip: 'fe80:0:0:0:14f1:996:b7d:af8d%en0', os.name: 'Mac OS X', os.arch: 'aarch64', os.version: '12.1', java.version: '17.0.1'
Driver info: org.openqa.selenium.remote.RemoteWebDriver
Capabilities {acceptInsecureCerts: true, browserName: chrome, browserVersion: 96.0.4664.110, chrome: {chromedriverVersion: 96.0.4664.45 (76e4c1bb2ab46..., userDataDir: /var/folders/4g/9ybbzz6x115...}, goog:chromeOptions: {debuggerAddress: localhost:62874}, javascriptEnabled: true, networkConnectionEnabled: false, pageLoadStrategy: normal, platform: MAC, platformName: MAC, proxy: Proxy(), setWindowRect: true, strictFileInteractability: false, timeouts: {implicit: 0, pageLoad: 300000, script: 30000}, unhandledPromptBehavior: dismiss and notify, webauthn:extension:credBlob: true, webauthn:extension:largeBlob: true, webauthn:virtualAuthenticators: true}
Session ID: e6582bbbfa1267370ba9bbcfb14de163
*** Element info: {Using=xpath, value=//input[@id='email' and @type='email']}

java.base/jdk.internal.reflect.NativeConstructorAccessorImpl.newInstance0(Native Method)
java.base/jdk.internal.reflect.NativeConstructorAccessorImpl.newInstance(NativeConstructorAccessorImpl.java:77)
java.base/jdk.internal.reflect.DelegatingConstructorAccessorImpl.newInstance(DelegatingConstructorAccessorImpl.java:45)
java.base/java.lang.reflect.Constructor.newInstanceWithCaller(Constructor.java:499)
java.base/java.lang.reflect.Constructor.newInstance(Constructor.java:480)
org.openqa.selenium.remote.http.W3CHttpResponseCodec.createException(W3CHttpResponseCodec.java:187)
org.openqa.selenium.remote.http.W3CHttpResponseCodec.decode(W3CHttpResponseCodec.java:122)
org.openqa.selenium.remote.http.W3CHttpResponseCodec.decode(W3CHttpResponseCodec.java:49)
org.openqa.selenium.remote.HttpCommandExecutor.execute(HttpCommandExecutor.java:158)
org.openqa.selenium.remote.RemoteWebDriver.execute(RemoteWebDriver.java:552)
org.openqa.selenium.remote.RemoteWebDriver.findElement(RemoteWebDriver.java:323)
org.openqa.selenium.remote.RemoteWebDriver.findElementByXPath$original$tXfXcOMV(RemoteWebDriver.java:428)
org.openqa.selenium.remote.RemoteWebDriver.findElementByXPath$original$tXfXcOMV$accessor$rgL76fSo(RemoteWebDriver.java)
org.openqa.selenium.remote.RemoteWebDriver$auxiliary$IAlE6l3C.call(Unknown Source)
com.zebrunner.agent.core.webdriver.PublicMethodInvocationInterceptor.onPublicMethodInvocation(PublicMethodInvocationInterceptor.java:18)
org.openqa.selenium.remote.RemoteWebDriver.findElementByXPath(RemoteWebDriver.java)
org.openqa.selenium.By$ByXPath.findElement(By.java:353)
org.openqa.selenium.remote.RemoteWebDriver.findElement$original$tXfXcOMV(RemoteWebDriver.java:315)
org.openqa.selenium.remote.RemoteWebDriver.findElement$original$tXfXcOMV$accessor$rgL76fSo(RemoteWebDriver.java)
org.openqa.selenium.remote.RemoteWebDriver$auxiliary$pDTvxBTm.call(Unknown Source)
com.zebrunner.agent.core.webdriver.PublicMethodInvocationInterceptor.onPublicMethodInvocation(PublicMethodInvocationInterceptor.java:18)
org.openqa.selenium.remote.RemoteWebDriver.findElement(RemoteWebDriver.java)
com.qaprosoft.carina.core.foundation.webdriver.decorator.ExtendedWebElement.refindElement(ExtendedWebElement.java:408)
com.qaprosoft.carina.core.foundation.webdriver.decorator.ExtendedWebElement.doAction(ExtendedWebElement.java:1412)
com.qaprosoft.carina.core.foundation.webdriver.decorator.ExtendedWebElement.type(ExtendedWebElement.java:686)
com.qaprosoft.carina.core.foundation.webdriver.decorator.ExtendedWebElement.type(ExtendedWebElement.java:674)
com.qaprosoft.carina.core.foundation.webdriver.decorator.ExtendedWebElement.type(ExtendedWebElement.java:664)
solvd.gsm_arena.HomePage.fillLoginEmailField(HomePage.java:46)
solvd.gsm_arena.services.ILogInService.emptyPasswordLogin(ILogInService.java:42)
solvd.gsm_arena.tests.GsmArenaTests.validateEmptyPasswordLogin(GsmArenaTests.java:80)
java.base/jdk.internal.reflect.NativeMethodAccessorImpl.invoke0(Native Method)
java.base/jdk.internal.reflect.NativeMethodAccessorImpl.invoke(NativeMethodAccessorImpl.java:77)
java.base/jdk.internal.reflect.DelegatingMethodAccessorImpl.invoke(DelegatingMethodAccessorImpl.java:43)
java.base/java.lang.reflect.Method.invoke(Method.java:568)
org.testng.internal.MethodInvocationHelper.invokeMethod(MethodInvocationHelper.java:133)
org.testng.internal.TestInvoker.invokeMethod(TestInvoker.java:598)
org.testng.internal.TestInvoker.invokeTestMethod(TestInvoker.java:173)
org.testng.internal.MethodRunner.runInSequence(MethodRunner.java:46)
org.testng.internal.TestInvoker$MethodInvocationAgent.invoke(TestInvoker.java:824)
org.testng.internal.TestInvoker.invokeTestMethods(TestInvoker.java:146)
org.testng.internal.TestMethodWorker.invokeTestMethods(TestMethodWorker.java:146)
org.testng.internal.TestMethodWorker.run(TestMethodWorker.java:128)
java.base/java.util.ArrayList.forEach(ArrayList.java:1511)
org.testng.TestRunner.privateRun(TestRunner.java:794)
org.testng.TestRunner.run(TestRunner.java:596)
org.testng.SuiteRunner.runTest(SuiteRunner.java:377)
org.testng.SuiteRunner.runSequentially(SuiteRunner.java:371)
org.testng.SuiteRunner.privateRun(SuiteRunner.java:332)
org.testng.SuiteRunner.run(SuiteRunner.java:276)
org.testng.SuiteRunnerWorker.runSuite(SuiteRunnerWorker.java:53)
org.testng.SuiteRunnerWorker.run(SuiteRunnerWorker.java:96)
org.testng.TestNG.runSuitesSequentially(TestNG.java:1212)
org.testng.TestNG.runSuitesLocally(TestNG.java:1134)
org.testng.TestNG.runSuites(TestNG.java:1063)
org.testng.TestNG.run(TestNG.java:1031)
com.intellij.rt.testng.IDEARemoteTestNG.run(IDEARemoteTestNG.java:66)
com.intellij.rt.testng.RemoteTestNGStarter.main(RemoteTestNGStarter.java:109)
